<?xml version="1.0" encoding="UTF-8"?>
<!-- Generated by org.testng.reporters.JUnitReportReporter -->
<testsuite hostname="LAPTOP-09DDH5GP" failures="0" tests="1" name="sushilecommerce.E2ECommerce.SignTest" time="17.156" errors="0" timestamp="2021-04-18T11:47:22 CST" skipped="0">
  <testcase classname="sushilecommerce.E2ECommerce.SignTest" name="signin" time="17.156"/>
  <system-out/>
</testsuite> <!-- sushilecommerce.E2ECommerce.SignTest -->
