<?xml version="1.0" encoding="UTF-8"?>
<!-- Generated by org.testng.reporters.JUnitReportReporter -->
<testsuite skipped="0" hostname="LAPTOP-09DDH5GP" name="sushilecommerce.E2ECommerce.SignTest" tests="1" failures="0" timestamp="2021-04-17T23:47:02 CST" time="17.843" errors="0">
  <testcase name="signin" time="17.843" classname="sushilecommerce.E2ECommerce.SignTest"/>
  <system-out/>
</testsuite> <!-- sushilecommerce.E2ECommerce.SignTest -->
